<?xml version="1.0" encoding="UTF-8"?>
<!-- Generated by org.testng.reporters.JUnitXMLReporter -->
<testsuite ignored="0" hostname="DESKTOP-40AEDUN" failures="0" tests="1" name="chrome" time="2.319" errors="0" timestamp="2023-09-20T13:12:05 IST">
  <testcase classname="commonMethods.Testcases" name="@BeforeMethod getDataFromConfig" time="2.167">
    <failure type="org.openqa.selenium.WebDriverException" message="unknown error: failed to write prefs file
Build info: version: &amp;apos;3.10.0&amp;apos;, revision: &amp;apos;176b4a9&amp;apos;, time: &amp;apos;2018-03-02T19:03:16.397Z&amp;apos;
System info: host: &amp;apos;DESKTOP-40AEDUN&amp;apos;, ip: &amp;apos;192.168.1.7&amp;apos;, os.name: &amp;apos;Windows 10&amp;apos;, os.arch: &amp;apos;amd64&amp;apos;, os.version: &amp;apos;10.0&amp;apos;, java.version: &amp;apos;17.0.7&amp;apos;
Driver info: driver.version: ChromeDriver
remote stacktrace: 	GetHandleVerifier [0x00007FF6F8CF52A2+57122]
	(No symbol) [0x00007FF6F8C6EA92]
	(No symbol) [0x00007FF6F8B3E3AB]
	(No symbol) [0x00007FF6F8B68F12]
	(No symbol) [0x00007FF6F8B69201]
	(No symbol) [0x00007FF6F8B6610F]
	(No symbol) [0x00007FF6F8B62FE1]
	(No symbol) [0x00007FF6F8B9EA4F]
	(No symbol) [0x00007FF6F8B9E5B0]
	(No symbol) [0x00007FF6F8B96DB3]
	(No symbol) [0x00007FF6F8B6D2B1]
	(No symbol) [0x00007FF6F8B6E494]
	GetHandleVerifier [0x00007FF6F8F9EF82+2849794]
	GetHandleVerifier [0x00007FF6F8FF1D24+3189156]
	GetHandleVerifier [0x00007FF6F8FEACAF+3160367]
	GetHandleVerifier [0x00007FF6F8D86D06+653702]
	(No symbol) [0x00007FF6F8C7A208]
	(No symbol) [0x00007FF6F8C762C4]
	(No symbol) [0x00007FF6F8C763F6]
	(No symbol) [0x00007FF6F8C667A3]
	BaseThreadInitThunk [0x00007FFD0A4D7614+20]
	RtlUserThreadStart [0x00007FFD0BCC26B1+33]
">
      <![CDATA[org.openqa.selenium.WebDriverException: unknown error: failed to write prefs file
Build info: version: '3.10.0', revision: '176b4a9', time: '2018-03-02T19:03:16.397Z'
System info: host: 'DESKTOP-40AEDUN', ip: '192.168.1.7', os.name: 'Windows 10', os.arch: 'amd64', os.version: '10.0', java.version: '17.0.7'
Driver info: driver.version: ChromeDriver
remote stacktrace: GetHandleVerifier [0x00007FF6F8CF52A2+57122]
(No symbol) [0x00007FF6F8C6EA92]
(No symbol) [0x00007FF6F8B3E3AB]
(No symbol) [0x00007FF6F8B68F12]
(No symbol) [0x00007FF6F8B69201]
(No symbol) [0x00007FF6F8B6610F]
(No symbol) [0x00007FF6F8B62FE1]
(No symbol) [0x00007FF6F8B9EA4F]
(No symbol) [0x00007FF6F8B9E5B0]
(No symbol) [0x00007FF6F8B96DB3]
(No symbol) [0x00007FF6F8B6D2B1]
(No symbol) [0x00007FF6F8B6E494]
GetHandleVerifier [0x00007FF6F8F9EF82+2849794]
GetHandleVerifier [0x00007FF6F8FF1D24+3189156]
GetHandleVerifier [0x00007FF6F8FEACAF+3160367]
GetHandleVerifier [0x00007FF6F8D86D06+653702]
(No symbol) [0x00007FF6F8C7A208]
(No symbol) [0x00007FF6F8C762C4]
(No symbol) [0x00007FF6F8C763F6]
(No symbol) [0x00007FF6F8C667A3]
BaseThreadInitThunk [0x00007FFD0A4D7614+20]
RtlUserThreadStart [0x00007FFD0BCC26B1+33]

at org.openqa.selenium.remote.W3CHandshakeResponse.lambda$new$0(W3CHandshakeResponse.java:57)
at org.openqa.selenium.remote.W3CHandshakeResponse.lambda$getResponseFunction$2(W3CHandshakeResponse.java:104)
at org.openqa.selenium.remote.ProtocolHandshake.lambda$createSession$0(ProtocolHandshake.java:123)
at java.base/java.util.stream.ReferencePipeline$3$1.accept(ReferencePipeline.java:197)
at java.base/java.util.Spliterators$ArraySpliterator.tryAdvance(Spliterators.java:1002)
at java.base/java.util.stream.ReferencePipeline.forEachWithCancel(ReferencePipeline.java:129)
at java.base/java.util.stream.AbstractPipeline.copyIntoWithCancel(AbstractPipeline.java:527)
at java.base/java.util.stream.AbstractPipeline.copyInto(AbstractPipeline.java:513)
at java.base/java.util.stream.AbstractPipeline.wrapAndCopyInto(AbstractPipeline.java:499)
at java.base/java.util.stream.FindOps$FindOp.evaluateSequential(FindOps.java:150)
at java.base/java.util.stream.AbstractPipeline.evaluate(AbstractPipeline.java:234)
at java.base/java.util.stream.ReferencePipeline.findFirst(ReferencePipeline.java:647)
at org.openqa.selenium.remote.ProtocolHandshake.createSession(ProtocolHandshake.java:126)
at org.openqa.selenium.remote.ProtocolHandshake.createSession(ProtocolHandshake.java:73)
at org.openqa.selenium.remote.HttpCommandExecutor.execute(HttpCommandExecutor.java:138)
at org.openqa.selenium.remote.service.DriverCommandExecutor.execute(DriverCommandExecutor.java:83)
at org.openqa.selenium.remote.RemoteWebDriver.execute(RemoteWebDriver.java:601)
at org.openqa.selenium.remote.RemoteWebDriver.startSession(RemoteWebDriver.java:219)
at org.openqa.selenium.remote.RemoteWebDriver.<init>(RemoteWebDriver.java:142)
at org.openqa.selenium.chrome.ChromeDriver.<init>(ChromeDriver.java:181)
at org.openqa.selenium.chrome.ChromeDriver.<init>(ChromeDriver.java:168)
at org.openqa.selenium.chrome.ChromeDriver.<init>(ChromeDriver.java:157)
at commonMethods.Config.getWebDriver(Config.java:65)
at commonMethods.Testcases.getDataFromConfig(Testcases.java:61)
at java.base/java.util.ArrayList.forEach(ArrayList.java:1511)
... Removed 36 stack frames]]>
    </failure>
  </testcase> <!-- @BeforeMethod getDataFromConfig -->
  <testcase classname="commonMethods.Testcases" name="Axis" time="0.001">
    <skipped/>
  </testcase> <!-- Axis -->
</testsuite> <!-- chrome -->
